 imaginary part of "u" "v" "w"
    0      0.000000E+00      0.000000E+00      0.000000E+00
    8     -0.174427E-09      0.552147E-11     -0.192631E-10
   16      0.344815E-10     -0.287789E-10      0.505732E-10
   24     -0.771490E-09     -0.245354E-10      0.103572E-08
   32     -0.108671E-10     -0.664942E-11     -0.532657E-11
   40     -0.760171E-10     -0.131380E-09      0.334715E-09
   48     -0.142523E-10      0.198360E-10     -0.178598E-10
   56      0.161579E-08     -0.210142E-10      0.249415E-08
   64     -0.359125E-12     -0.125312E-11      0.118458E-10
   72      0.765506E-10      0.491329E-11      0.415660E-09
   80     -0.116114E-10     -0.393501E-10      0.504879E-10
   88     -0.392827E-09     -0.231271E-11      0.399130E-08
   96     -0.776097E-10     -0.273882E-10     -0.854322E-11
  104     -0.728339E-10     -0.720857E-11     -0.604338E-09
  112      0.127483E-10      0.258676E-10      0.197349E-09
  120      0.137153E-07     -0.196291E-09     -0.100808E-06
  128     -0.224298E-08      0.341022E-10      0.169312E-07
  136     -0.208827E-08      0.123456E-10      0.102950E-07
  144      0.140818E-10     -0.444827E-11     -0.882100E-10
  152      0.116877E-08     -0.868673E-10     -0.186562E-08
  160      0.280373E-11     -0.239771E-11     -0.205464E-10
  168      0.829385E-09      0.448221E-09      0.785370E-09
  176     -0.236908E-09     -0.204394E-09     -0.145629E-10
  184     -0.181664E-08      0.128929E-10      0.117994E-07
  192      0.586498E-12      0.322311E-12      0.205020E-12
  200     -0.135703E-09      0.151167E-10      0.137696E-09
  208      0.162418E-10      0.159692E-10     -0.218169E-10
  216      0.478355E-09      0.108333E-09     -0.121897E-08
  224     -0.283833E-10     -0.538984E-11      0.182869E-10
  232     -0.178495E-09     -0.776990E-11      0.821067E-09
  240      0.632253E-10      0.102960E-10     -0.754990E-10
  248     -0.365246E-08      0.193731E-10      0.142686E-07
  256      0.650945E-10     -0.444349E-11     -0.346682E-09
  264     -0.333631E-09     -0.205668E-10      0.537987E-09
  272     -0.808716E-11     -0.102463E-10     -0.529671E-10
  280      0.250924E-09      0.569892E-10      0.206681E-08
  288      0.157640E-10     -0.119474E-10      0.121812E-10
  296      0.931248E-09      0.309978E-09      0.359461E-10
  304     -0.411531E-09     -0.870696E-10     -0.148259E-09
  312     -0.132779E-08      0.356303E-10     -0.133652E-08
  320     -0.320130E-11      0.445254E-11      0.319137E-11
  328     -0.523702E-10      0.213268E-10      0.127876E-09
  336     -0.599827E-09      0.684153E-09     -0.768413E-10
  344     -0.756625E-09     -0.101575E-08      0.212820E-08
  352      0.631796E-09      0.353917E-09      0.278366E-10
  360     -0.555535E-10     -0.607170E-11      0.945213E-09
  368     -0.129449E-10     -0.133864E-10     -0.172914E-10
  376      0.669462E-09     -0.540971E-10      0.117074E-07
  384      0.380333E-09     -0.450872E-12     -0.203000E-08
  392      0.150902E-09     -0.285817E-10      0.836756E-09
  400      0.186292E-10      0.102173E-10     -0.101223E-11
  408      0.571692E-09      0.125803E-10     -0.618364E-09
  416     -0.351677E-10      0.988047E-11     -0.105704E-10
  424     -0.132861E-09     -0.574581E-10      0.236035E-09
  432      0.541303E-10      0.675445E-10      0.318214E-10
  440     -0.127470E-08      0.306849E-10      0.958548E-08
  448      0.703738E-12     -0.217702E-12     -0.846583E-12
  456      0.168196E-09      0.533251E-11     -0.319889E-10
  464      0.313622E-10     -0.398049E-10      0.186556E-10
  472     -0.289827E-09      0.161141E-09     -0.155060E-08
  480     -0.121260E-10     -0.169501E-11     -0.121812E-10
  488     -0.213728E-10     -0.208368E-10      0.462347E-10
  496     -0.310637E-10     -0.105815E-10     -0.558161E-11
  504      0.157417E-09      0.535050E-11      0.107006E-07
  512     -0.300907E-11      0.243511E-11     -0.374299E-11
  520      0.172701E-09     -0.233521E-10     -0.267193E-09
  528      0.247683E-10      0.331821E-10      0.677532E-11
  536     -0.592845E-10     -0.965023E-10     -0.200482E-08
  544      0.209318E-11     -0.124590E-10      0.274519E-11
  552     -0.247912E-09      0.104659E-09      0.901046E-09
  560      0.231482E-09      0.228822E-11      0.273261E-12
  568     -0.951712E-09      0.465442E-10      0.197402E-08
  576     -0.490660E-11     -0.486978E-11      0.559301E-11
  584      0.539270E-10      0.839495E-11      0.174155E-08
  592      0.311348E-10     -0.321879E-10     -0.195432E-10
  600     -0.139761E-09      0.178648E-09      0.357054E-08
  608      0.151588E-10      0.504872E-10      0.725155E-10
  616      0.291973E-09     -0.242048E-10     -0.644246E-09
  624     -0.740267E-11     -0.113412E-12     -0.399150E-10
  632     -0.493796E-10     -0.629931E-10     -0.848089E-08
  640      0.209133E-09      0.113364E-10      0.319984E-08
  648     -0.274553E-09     -0.116992E-10     -0.171987E-09
  656     -0.335530E-10      0.203188E-11     -0.103501E-09
  664     -0.633310E-10      0.151276E-10      0.150763E-09
  672     -0.774073E-11     -0.273189E-12      0.128147E-11
  680     -0.192205E-09     -0.136357E-09      0.216253E-09
  688      0.681564E-10     -0.225925E-11     -0.189824E-10
  696     -0.159976E-08      0.288304E-10      0.729774E-08
  704      0.870716E-12      0.123181E-11      0.716611E-12
  712      0.145185E-10      0.654399E-11     -0.214556E-09
  720     -0.177754E-11     -0.139020E-10     -0.368387E-11
  728      0.738811E-09      0.117854E-09      0.129203E-08
  736      0.953130E-11      0.324110E-10      0.670503E-11
  744      0.800287E-10      0.108605E-10      0.264329E-09
  752     -0.347159E-10      0.784347E-13     -0.103778E-10
  760     -0.183622E-09     -0.329442E-10     -0.195900E-08
  768     -0.650945E-10      0.805508E-12      0.346682E-09
  776     -0.222218E-09      0.102424E-10      0.925165E-09
  784     -0.174095E-10      0.839834E-11      0.488110E-10
  792      0.144741E-09     -0.605346E-10     -0.154937E-08
  800      0.638486E-11      0.737936E-11     -0.128359E-11
  808      0.954582E-10     -0.156565E-09     -0.215510E-10
  816      0.701140E-10     -0.103026E-10     -0.575838E-12
  824     -0.630166E-10     -0.150954E-10      0.260038E-08
  832     -0.678023E-13      0.139542E-12     -0.120689E-11
  840     -0.193949E-09     -0.374823E-11     -0.166445E-09
  848      0.794721E-10     -0.677559E-10     -0.916926E-11
  856     -0.590750E-09      0.116440E-09      0.484306E-09
  864     -0.395940E-09     -0.115012E-09     -0.169560E-10
  872     -0.901498E-10     -0.801859E-11      0.927990E-09
  880     -0.281612E-11      0.782868E-11      0.358526E-12
  888     -0.117691E-08      0.191732E-10      0.433230E-08
  896      0.377099E-09     -0.102031E-10     -0.201503E-08
  904     -0.291639E-10      0.366372E-10      0.410904E-10
  912      0.216242E-10     -0.324035E-11     -0.547443E-11
  920     -0.766146E-10     -0.244887E-10     -0.187877E-08
  928     -0.109115E-10     -0.572616E-11      0.138652E-10
  936     -0.326803E-09     -0.668986E-10     -0.437389E-09
  944      0.148050E-09      0.203662E-10      0.584392E-11
  952     -0.777017E-10      0.522046E-10      0.118306E-08
  960      0.534096E-12      0.238830E-13     -0.186976E-11
  968     -0.173440E-09      0.211375E-11      0.649230E-09
  976      0.215354E-10     -0.484391E-10      0.268260E-11
  984      0.281712E-09      0.102856E-09     -0.168009E-08
  992      0.334268E-10      0.611045E-10     -0.990746E-11
 1000     -0.126898E-09     -0.590650E-11      0.313699E-09
 1008      0.385517E-10      0.723182E-11     -0.218673E-10
 1016      0.727006E-09     -0.149133E-10     -0.967638E-09
 1024      0.000000E+00      0.000000E+00      0.000000E+00
 1032     -0.619057E-10      0.405428E-10     -0.984095E-09
 1040      0.277704E-11      0.646733E-11      0.811114E-11
 1048     -0.500900E-10     -0.220689E-10      0.525032E-08
 1056      0.971020E-11     -0.105379E-10      0.585142E-12
 1064      0.403982E-10      0.182826E-10     -0.373781E-09
 1072     -0.202777E-10     -0.389083E-11      0.253412E-10
 1080     -0.801191E-09      0.176962E-10      0.561554E-08
 1088      0.550370E-12      0.608500E-12     -0.270613E-11
 1096     -0.283609E-09      0.261113E-11      0.430212E-09
 1104     -0.379868E-10     -0.459440E-10      0.683217E-11
 1112     -0.199346E-10      0.113136E-09      0.183034E-08
 1120     -0.339539E-10      0.376406E-10     -0.376471E-10
 1128      0.145445E-09     -0.288091E-10      0.210569E-09
 1136      0.911034E-11     -0.177384E-10      0.518302E-10
 1144     -0.118591E-08      0.365398E-10      0.184013E-07
 1152     -0.380333E-09     -0.241055E-10     -0.128712E-07
 1160      0.705694E-09      0.196215E-10     -0.880824E-09
 1168      0.431856E-10      0.435276E-10      0.282053E-10
 1176     -0.170001E-09      0.522854E-10     -0.365551E-08
 1184     -0.135672E-10      0.305926E-11      0.491945E-11
 1192     -0.218353E-09     -0.174404E-10      0.577740E-10
 1200     -0.120493E-09     -0.667633E-12     -0.109249E-10
 1208     -0.448761E-09      0.561695E-11      0.103100E-08
 1216      0.586498E-12      0.322311E-12     -0.161397E-11
 1224      0.150461E-10      0.465749E-11     -0.483489E-09
 1232      0.325668E-12      0.715844E-11      0.910590E-11
 1240      0.131837E-09      0.135750E-10     -0.361276E-08
 1248     -0.382691E-11     -0.709514E-11     -0.354100E-11
 1256      0.130278E-09     -0.549616E-11      0.415433E-09
 1264     -0.386381E-10     -0.126687E-10      0.118125E-10
 1272      0.728339E-10      0.412009E-10     -0.249522E-08
 1280      0.650945E-10      0.283247E-11     -0.346682E-09
 1288     -0.862489E-10      0.176320E-10      0.130534E-09
 1296      0.373627E-11      0.161290E-10      0.398013E-10
 1304      0.143604E-09      0.416415E-10     -0.142474E-08
 1312     -0.133398E-10     -0.119474E-10     -0.237072E-11
 1320     -0.232905E-09     -0.392683E-10      0.501607E-09
 1328      0.541303E-10     -0.288620E-10      0.845721E-10
 1336     -0.418293E-09     -0.444053E-10     -0.234216E-09
 1344      0.134618E-11     -0.949373E-13     -0.787665E-12
 1352     -0.714696E-10      0.104129E-10     -0.397357E-09
 1360      0.215080E-09     -0.130754E-09      0.104701E-10
 1368      0.291113E-09     -0.844230E-10      0.949491E-09
 1376     -0.666957E-10     -0.111744E-09     -0.158192E-10
 1384      0.335770E-10     -0.188046E-10      0.371777E-09
 1392     -0.556912E-10     -0.122495E-10      0.898538E-12
 1400      0.960501E-09     -0.334345E-10     -0.715183E-08
 1408      0.380333E-09      0.136812E-11     -0.203000E-08
 1416      0.300059E-09      0.779809E-11     -0.219550E-08
 1424      0.277242E-10     -0.188865E-10     -0.624031E-10
 1432     -0.671502E-09     -0.384651E-10     -0.234453E-08
 1440     -0.242587E-11     -0.830943E-11      0.343558E-12
 1448     -0.147412E-09     -0.574581E-10      0.614119E-10
 1456      0.177505E-10     -0.339612E-11     -0.154724E-10
 1464     -0.631001E-09      0.999390E-11      0.743089E-08
 1472      0.639789E-12      0.634950E-12     -0.209714E-11
 1480     -0.859505E-10     -0.101147E-10     -0.591484E-09
 1488     -0.501761E-11     -0.579948E-10      0.774166E-11
 1496      0.301344E-09      0.128399E-09      0.332513E-09
 1504     -0.121211E-11     -0.897097E-11      0.146122E-11
 1512      0.107491E-09     -0.322055E-10      0.260023E-09
 1520      0.125174E-11      0.302186E-11     -0.944696E-11
 1528      0.457380E-09      0.248407E-10      0.450721E-08
 1536      0.300907E-11     -0.243511E-11      0.374299E-11
 1544     -0.157915E-10     -0.152423E-11     -0.335805E-10
 1552      0.106712E-10     -0.182044E-10     -0.266068E-11
 1560     -0.712955E-09     -0.437231E-10      0.119181E-08
 1568     -0.106397E-10     -0.359142E-11      0.706529E-11
 1576      0.504027E-10      0.841957E-10     -0.252534E-09
 1584      0.195695E-10      0.118379E-10     -0.187124E-10
 1592     -0.627477E-09     -0.171204E-10      0.102795E-08
 1600      0.236936E-11     -0.305079E-11     -0.110053E-10
 1608      0.518806E-10     -0.197425E-10      0.356405E-10
 1616      0.638766E-10     -0.562895E-10     -0.250001E-10
 1624      0.871584E-10      0.713279E-10     -0.804810E-09
 1632     -0.539628E-10     -0.420538E-10     -0.229045E-11
 1640      0.425725E-10     -0.681066E-11      0.176461E-10
 1648     -0.143944E-10      0.403616E-11     -0.194363E-11
 1656      0.140286E-08      0.196573E-10      0.154812E-07
 1664      0.892845E-09     -0.133970E-11      0.860161E-09
 1672      0.288957E-09      0.105458E-13     -0.158966E-08
 1680      0.350890E-11     -0.384406E-10      0.434962E-10
 1688      0.152610E-09      0.576109E-10     -0.348911E-08
 1696     -0.575121E-11      0.639170E-11      0.855743E-11
 1704      0.104745E-09      0.432684E-10      0.248540E-09
 1712      0.401042E-10      0.591316E-10     -0.286734E-11
 1720      0.731336E-09      0.115074E-10     -0.571838E-09
 1728      0.302281E-12     -0.587184E-12     -0.306571E-12
 1736     -0.365959E-09     -0.187727E-10     -0.383168E-09
 1744      0.879534E-11      0.280058E-10      0.734376E-11
 1752     -0.181156E-10      0.482779E-10     -0.945100E-09
 1760      0.360203E-10     -0.124027E-11     -0.469208E-11
 1768     -0.170598E-10     -0.269972E-10      0.218200E-09
 1776     -0.170945E-10     -0.123134E-10      0.194508E-10
 1784      0.964594E-10     -0.338111E-10     -0.140162E-08
 1792     -0.650945E-10      0.805508E-12      0.346682E-09
 1800      0.806434E-10      0.478539E-11      0.580090E-09
 1808      0.253368E-10      0.385087E-11      0.107828E-10
 1816     -0.708095E-10     -0.136956E-10     -0.205750E-08
 1824     -0.185126E-10     -0.167223E-10      0.381811E-11
 1832     -0.956068E-10      0.780281E-10      0.675520E-09
 1840      0.381467E-10      0.398901E-10      0.533046E-10
 1848      0.118644E-09     -0.373354E-10      0.208552E-09
 1856     -0.423074E-12      0.148957E-11      0.253057E-11
 1864     -0.490342E-10      0.118411E-10      0.323233E-09
 1872      0.117857E-09     -0.773375E-10      0.100572E-11
 1880     -0.340424E-09     -0.524557E-10      0.230234E-08
 1888      0.297178E-10     -0.108475E-09     -0.292342E-10
 1896     -0.237417E-09     -0.277717E-10      0.343526E-09
 1904     -0.852178E-11      0.700800E-11     -0.947539E-11
 1912     -0.147139E-08      0.398944E-10     -0.978840E-08
 1920      0.383568E-09     -0.107076E-10     -0.204496E-08
 1928      0.726711E-10      0.806277E-11     -0.173998E-08
 1936      0.101773E-10      0.184714E-11      0.652956E-10
 1944      0.214921E-09     -0.119690E-10     -0.596925E-10
 1952     -0.485415E-11     -0.108927E-10      0.501182E-11
 1960     -0.335053E-10     -0.625696E-10      0.283727E-09
 1968     -0.340943E-11      0.126395E-12      0.322912E-11
 1976     -0.226376E-09      0.234402E-11      0.589709E-08
 1984      0.468371E-12      0.848113E-12     -0.164239E-11
 1992     -0.175607E-10      0.220374E-10      0.146677E-09
 2000      0.193611E-10     -0.570482E-11      0.273526E-10
 2008     -0.459370E-09      0.411637E-10     -0.302000E-08
 2016      0.150806E-10     -0.317527E-10     -0.626948E-11
 2024     -0.149190E-09     -0.478739E-11      0.440587E-10
 2032      0.331587E-10      0.102765E-10     -0.177177E-10
 2040      0.288309E-09     -0.369206E-10     -0.955276E-08
