 =============================================
 incident v= 8.55   i. angle=10.0   app. v=   49.23748763
    for isotropic medium : q3 for i. wave =  0.115182E+00


******** layer  1

tolp=.10E-17%   **new solutions**
 iterations :
               satistied at step  7
quadratic form that was factored out=
  0.100000E+01 xx + -0.000000E+00 x + -0.160041E-01
b= -0.000000000000000E+00 sqrt(bb-4ac)=  0.253014359192253E+00
roots=(  0.126507179596127E+00  0.000000000000000E+00)
      ( -0.126507179596127E+00  0.000000000000000E+00)

reduced equation=
   0.93383E+06   0.00000E+00  -0.89981E+05   0.00000E+00   0.21668E+04
 sqrt(bb-4ac)/b =   0.191237635219059E-01
x**2= (  0.490996686090553E-01  0.000000000000000E+00)
      (  0.472569670941017E-01  0.000000000000000E+00)
residual for each solution
  0.4441E-14  0.4441E-14  0.1421E-13  0.1421E-13  0.0000E+00  0.0000E+00
  "q3" : rearranged vertical slowness=
           0.12650718
          -0.12650718
           0.22158445
          -0.22158445
           0.21738668
          -0.21738668
incidence angle of P, S1, S2 :
  9.121  5.237  5.337

check if the polarization gives "0"
   0.311815E-14   0.713212E-17   0.433681E-18
   0.311815E-14   0.713212E-17   0.433681E-18
   0.556569E-13   0.482470E-16   0.693889E-17
   0.556569E-13   0.482470E-16   0.693889E-17
   0.555736E-13   0.504154E-16   0.000000E+00
   0.555736E-13   0.504154E-16   0.000000E+00
===(x,y,z) of polarization vectors===
          0.15986250         -0.00138527          0.98713832
          0.15986250         -0.00138527         -0.98713832
          0.70562634          0.70562636         -0.06467546
          0.70562634          0.70562636          0.06467546
         -0.70241391          0.70864102          0.06665288
         -0.70241391          0.70864102         -0.06665288
 e-matrix=
     0.15986     0.15986     0.70563     0.70563    -0.70241    -0.70241
     0.98714    -0.98714    -0.06468     0.06468     0.06665    -0.06665
  1250.03312  1250.03312   -94.33094   -94.33094    98.23742    98.23742
   134.99789  -134.99789   510.18483  -510.18483  -516.63328   516.63328
    -0.00139    -0.00139     0.70563     0.70563     0.70864     0.70864
    -3.03331     3.03331   514.66743  -514.66743   525.54367  -525.54367


******** layer  2

tolp=.10E-17%   **new solutions**
 iterations :
 accuracy not met in 80 steps==> relax
 tolp=.10E-16%
 iterations :
 accuracy not met in 80 steps==> relax
 tolp=.10E-15%
 iterations :
 accuracy not met in 80 steps==> relax
 tolp=.10E-14%
 iterations :
 accuracy not met in 80 steps==> relax
 tolp=.10E-13%
 iterations :
 accuracy not met in 80 steps==> relax
 tolp=.10E-12%
 iterations :
               satistied at step  1
quadratic form that was factored out=
  0.100000E+01 xx + -0.000000E+00 x + -0.132669E-01
b= -0.000000000000000E+00 sqrt(bb-4ac)=  0.230364077503393E+00
roots=(  0.115182038751696E+00  0.000000000000000E+00)
      ( -0.115182038751696E+00  0.000000000000000E+00)

reduced equation=
   0.15292E+07   0.00000E+00  -0.13720E+06   0.00000E+00   0.30774E+04
 sqrt(bb-4ac)/b =   0.117784457135650E-05
x**2= (  0.448597967918691E-01  0.000000000000000E+00)
      (  0.448596911162573E-01  0.000000000000000E+00)
residual for each solution
 -0.7550E-14 -0.7550E-14  0.0000E+00  0.0000E+00  0.0000E+00  0.0000E+00
  "q3" : rearranged vertical slowness=
           0.11518204
          -0.11518204
           0.21180106
          -0.21180106
           0.21180131
          -0.21180131
incidence angle of P, S1, S2 :
 10.000  5.477  5.477

check if the polarization gives "0"
   0.555112E-16   0.929812E-15   0.000000E+00
   0.555112E-16   0.929812E-15   0.000000E+00
   0.000000E+00   0.232261E-09   0.000000E+00
   0.000000E+00   0.232261E-09   0.000000E+00
   0.000000E+00   0.000000E+00   0.221680E-10
   0.000000E+00   0.000000E+00   0.221680E-10
===(x,y,z) of polarization vectors===
          0.17363955          0.00000000          0.98480928
         -0.17363955          0.00000000          0.98480928
          0.99543446          0.00000000         -0.09544755
         -0.99543446          0.00000000         -0.09544755
          0.00000000          1.00000000          0.00000000
          0.00000000          1.00000000          0.00000000
 e-matrix=
     0.17364    -0.17364     0.99543    -0.99543     0.00000     0.00000
     0.98481     0.98481    -0.09545    -0.09545     0.00000     0.00000
  1446.58722 -1446.58722  -153.91003   153.91003     0.00000     0.00000
   152.26720   152.26720   795.17142   795.17142     0.00000     0.00000
     0.00000     0.00000     0.00000     0.00000     1.00000     1.00000
     0.00000     0.00000     0.00000     0.00000   806.23230  -806.23230
