 =============================================
 incident v= 8.55   i. angle=20.0   app. v=   24.99852762
    for isotropic medium : q3 for i. wave =  0.109906E+00


******** layer  1

tolp=.10E-17%   **new solutions**
 iterations :
               satistied at step  7
quadratic form that was factored out=
  0.100000E+01 xx + -0.000000E+00 x + -0.281929E-01
b= -0.000000000000000E+00 sqrt(bb-4ac)=  0.335814535117085E+00
roots=(  0.167907267558542E+00  0.000000000000000E+00)
      ( -0.167907267558542E+00  0.000000000000000E+00)

reduced equation=
   0.77896E+05   0.00000E+00  -0.13939E+05   0.00000E+00   0.62358E+03
 sqrt(bb-4ac)/b =   0.597820172536007E-06
x**2= (  0.894726379163876E-01  0.000000000000000E+00)
      (  0.894725309393559E-01  0.000000000000000E+00)
residual for each solution
 -0.4441E-14 -0.4441E-14 -0.3553E-13 -0.3553E-13 -0.7105E-14 -0.7105E-14
  "q3" : rearranged vertical slowness=
           0.16790727
          -0.16790727
           0.29911959
          -0.29911959
           0.29911977
          -0.29911977
incidence angle of P, S1, S2 :
 13.400  7.617  7.617

check if the polarization gives "0"
   0.000000E+00   0.527356E-15   0.000000E+00
   0.000000E+00   0.527356E-15   0.000000E+00
   0.138778E-16   0.142357E-08   0.000000E+00
   0.138778E-16   0.142357E-08   0.000000E+00
   0.000000E+00   0.000000E+00   0.188696E-09
   0.000000E+00   0.000000E+00   0.188696E-09
===(x,y,z) of polarization vectors===
          0.23175126          0.00000000          0.97277508
         -0.23175126          0.00000000          0.97277508
          0.99117612          0.00000000         -0.13255149
         -0.99117612          0.00000000         -0.13255149
          0.00000000          1.00000000          0.00000000
          0.00000000          1.00000000          0.00000000
 e-matrix=
     0.23175    -0.23175     0.99118    -0.99118     0.00000     0.00000
     0.97278     0.97278    -0.13255    -0.13255     0.00000     0.00000
   374.50379  -374.50379   -58.33425    58.33425     0.00000     0.00000
    57.25128    57.25128   214.19963   214.19963     0.00000     0.00000
     0.00000     0.00000     0.00000     0.00000     1.00000     1.00000
     0.00000     0.00000     0.00000     0.00000   220.04198  -220.04198


******** layer  2

tolp=.10E-17%   **new solutions**
 iterations :
               satistied at step  7
quadratic form that was factored out=
  0.100000E+01 xx + -0.000000E+00 x + -0.268244E-01
b= -0.000000000000000E+00 sqrt(bb-4ac)=  0.327562838792550E+00
roots=(  0.163781419396275E+00  0.000000000000000E+00)
      ( -0.163781419396275E+00  0.000000000000000E+00)

reduced equation=
   0.83550E+05   0.00000E+00  -0.14608E+05   0.00000E+00   0.63855E+03
 sqrt(bb-4ac)/b =   0.597685372380320E-06
x**2= (  0.874226791021981E-01  0.000000000000000E+00)
      (  0.874225745997476E-01  0.000000000000000E+00)
residual for each solution
  0.1332E-14  0.1332E-14 -0.2132E-13 -0.2132E-13  0.0000E+00  0.0000E+00
  "q3" : rearranged vertical slowness=
           0.16378142
          -0.16378142
           0.29567326
          -0.29567326
           0.29567309
          -0.29567309
incidence angle of P, S1, S2 :
 13.725  7.705  7.705

check if the polarization gives "0"
   0.555112E-16   0.693889E-15   0.000000E+00
   0.555112E-16   0.693889E-15   0.000000E+00
   0.138778E-16   0.234817E-08   0.000000E+00
   0.138778E-16   0.234817E-08   0.000000E+00
   0.000000E+00   0.000000E+00   0.314826E-09
   0.000000E+00   0.000000E+00   0.314826E-09
===(x,y,z) of polarization vectors===
          0.23727092          0.00000000          0.97144352
         -0.23727092          0.00000000          0.97144352
          0.99097146          0.00000000         -0.13407296
         -0.99097146          0.00000000         -0.13407296
          0.00000000          1.00000000          0.00000000
          0.00000000          1.00000000          0.00000000
 e-matrix=
     0.23727    -0.23727     0.99097    -0.99097     0.00000     0.00000
     0.97144     0.97144    -0.13407    -0.13407     0.00000     0.00000
   380.23178  -380.23178   -59.22086    59.22086     0.00000     0.00000
    58.05386    58.05386   214.85482   214.85482     0.00000     0.00000
     0.00000     0.00000     0.00000     0.00000     1.00000     1.00000
     0.00000     0.00000     0.00000     0.00000   220.85478  -220.85478
