 =============================================
 incident v= 8.55   i. angle=10.0   app. v=   49.23748763
    for isotropic medium : q3 for i. wave =  0.115182E+00


******** layer  1

tolp=.10E-17%   **new solutions**
 iterations :
               satistied at step  7
quadratic form that was factored out=
  0.100000E+01 xx + -0.000000E+00 x + -0.159989E-01
b= -0.000000000000000E+00 sqrt(bb-4ac)=  0.252973497826851E+00
roots=(  0.126486748913426E+00  0.000000000000000E+00)
      ( -0.126486748913426E+00  0.000000000000000E+00)

reduced equation=
   0.93383E+06   0.00000E+00  -0.89893E+05   0.00000E+00   0.21625E+04
 sqrt(bb-4ac)/b =   0.199663072841667E-01
x**2= (  0.490920510341747E-01  0.000000000000000E+00)
      (  0.471700522992004E-01  0.000000000000000E+00)
residual for each solution
 -0.2220E-14 -0.2220E-14  0.0000E+00  0.0000E+00  0.1421E-13  0.1421E-13
  "q3" : rearranged vertical slowness=
           0.12648675
          -0.12648675
           0.21718668
          -0.21718668
           0.22156726
          -0.22156726
incidence angle of P, S1, S2 :
  9.122  5.342  5.237

check if the polarization gives "0"
   0.000000E+00   0.212330E-14   0.000000E+00
   0.000000E+00   0.212330E-14   0.000000E+00
   0.693889E-17   0.790257E-12   0.000000E+00
   0.693889E-17   0.790257E-12   0.000000E+00
   0.000000E+00   0.000000E+00   0.723865E-13
   0.000000E+00   0.000000E+00   0.723865E-13
===(x,y,z) of polarization vectors===
          0.16168117          0.00000000          0.98684305
         -0.16168117          0.00000000          0.98684305
          0.99551176          0.00000000         -0.09463787
         -0.99551176          0.00000000         -0.09463787
          0.00000000          1.00000000          0.00000000
          0.00000000          1.00000000          0.00000000
 e-matrix=
     0.16168    -0.16168     0.99551    -0.99551     0.00000     0.00000
     0.98684     0.98684    -0.09464    -0.09464     0.00000     0.00000
  1249.34257 -1249.34257  -139.40045   139.40045     0.00000     0.00000
   138.18659   138.18659   731.28565   731.28565     0.00000     0.00000
     0.00000     0.00000     0.00000     0.00000     1.00000     1.00000
     0.00000     0.00000     0.00000     0.00000   729.20717  -729.20717


******** layer  2

tolp=.10E-17%   **new solutions**
 iterations :
 accuracy not met in 80 steps==> relax
 tolp=.10E-16%
 iterations :
 accuracy not met in 80 steps==> relax
 tolp=.10E-15%
 iterations :
 accuracy not met in 80 steps==> relax
 tolp=.10E-14%
 iterations :
 accuracy not met in 80 steps==> relax
 tolp=.10E-13%
 iterations :
 accuracy not met in 80 steps==> relax
 tolp=.10E-12%
 iterations :
               satistied at step  1
quadratic form that was factored out=
  0.100000E+01 xx + -0.000000E+00 x + -0.132669E-01
b= -0.000000000000000E+00 sqrt(bb-4ac)=  0.230364077503393E+00
roots=(  0.115182038751696E+00  0.000000000000000E+00)
      ( -0.115182038751696E+00  0.000000000000000E+00)

reduced equation=
   0.15292E+07   0.00000E+00  -0.13720E+06   0.00000E+00   0.30774E+04
 sqrt(bb-4ac)/b =   0.117784457135650E-05
x**2= (  0.448597967918691E-01  0.000000000000000E+00)
      (  0.448596911162573E-01  0.000000000000000E+00)
residual for each solution
 -0.7550E-14 -0.7550E-14  0.0000E+00  0.0000E+00  0.0000E+00  0.0000E+00
  "q3" : rearranged vertical slowness=
           0.11518204
          -0.11518204
           0.21180106
          -0.21180106
           0.21180131
          -0.21180131
incidence angle of P, S1, S2 :
 10.000  5.477  5.477

check if the polarization gives "0"
   0.555112E-16   0.929812E-15   0.000000E+00
   0.555112E-16   0.929812E-15   0.000000E+00
   0.000000E+00   0.232261E-09   0.000000E+00
   0.000000E+00   0.232261E-09   0.000000E+00
   0.000000E+00   0.000000E+00   0.221680E-10
   0.000000E+00   0.000000E+00   0.221680E-10
===(x,y,z) of polarization vectors===
          0.17363955          0.00000000          0.98480928
         -0.17363955          0.00000000          0.98480928
          0.99543446          0.00000000         -0.09544755
         -0.99543446          0.00000000         -0.09544755
          0.00000000          1.00000000          0.00000000
          0.00000000          1.00000000          0.00000000
 e-matrix=
     0.17364    -0.17364     0.99543    -0.99543     0.00000     0.00000
     0.98481     0.98481    -0.09545    -0.09545     0.00000     0.00000
  1446.58722 -1446.58722  -153.91003   153.91003     0.00000     0.00000
   152.26720   152.26720   795.17142   795.17142     0.00000     0.00000
     0.00000     0.00000     0.00000     0.00000     1.00000     1.00000
     0.00000     0.00000     0.00000     0.00000   806.23230  -806.23230
