 imaginary part of "u" "v" "w"
    0      0.000000E+00      0.000000E+00      0.000000E+00
    8     -0.219879E-09     -0.769960E-10     -0.605198E-10
   16     -0.806123E-09      0.796939E-10     -0.419030E-10
   24      0.130634E-09      0.225451E-09     -0.106060E-09
   32      0.442383E-10      0.926590E-11      0.328806E-09
   40     -0.190206E-09      0.164745E-10      0.421679E-10
   48     -0.375311E-09      0.624146E-10      0.190523E-08
   56      0.105510E-09     -0.727353E-10     -0.113871E-10
   64      0.184906E-10     -0.387665E-10     -0.966406E-11
   72      0.114673E-09      0.102479E-09      0.321634E-10
   80     -0.908825E-09     -0.565029E-10      0.790598E-10
   88      0.331178E-09     -0.169526E-11     -0.517151E-09
   96      0.356836E-10      0.119329E-11     -0.290140E-10
  104     -0.701530E-10     -0.411647E-10     -0.569671E-10
  112      0.487251E-07     -0.729073E-09     -0.638617E-07
  120     -0.818624E-08      0.179976E-09      0.135866E-07
  128     -0.938459E-09      0.203651E-10      0.528067E-08
  136      0.502829E-09      0.907689E-10     -0.759097E-09
  144     -0.720126E-09      0.685526E-10      0.215484E-09
  152     -0.444280E-09     -0.416562E-10      0.226815E-09
  160      0.149740E-09     -0.307519E-10      0.123020E-10
  168      0.750211E-09      0.113879E-08      0.354125E-09
  176     -0.121705E-08     -0.794557E-09     -0.451899E-08
  184      0.161857E-08     -0.464879E-10     -0.237934E-08
  192      0.247743E-10     -0.272358E-10      0.804402E-11
  200      0.171730E-09      0.151421E-09     -0.212694E-10
  208     -0.659523E-09      0.139972E-10      0.366744E-09
  216     -0.227650E-09     -0.118041E-09     -0.793979E-09
  224     -0.557193E-09      0.198379E-10      0.109364E-08
  232     -0.559461E-09     -0.808414E-10      0.223157E-09
  240     -0.738706E-08      0.134492E-09      0.126814E-07
  248     -0.990090E-09     -0.103786E-09     -0.197530E-08
  256     -0.180139E-12     -0.249976E-12     -0.797904E-14
  264      0.575031E-10      0.530093E-10      0.236872E-10
  272     -0.165384E-09     -0.278647E-09      0.742764E-09
  280      0.770464E-09      0.491023E-09      0.104286E-08
  288     -0.830910E-10     -0.528602E-11     -0.453359E-09
  296      0.193146E-09      0.364834E-10      0.339824E-10
  304      0.227808E-08      0.512118E-12      0.188013E-08
  312      0.112348E-08      0.900642E-10     -0.154631E-08
  320     -0.375207E-09      0.317819E-09     -0.954124E-10
  328     -0.355922E-10     -0.243641E-09      0.121545E-10
  336      0.984218E-09      0.412569E-09      0.101925E-08
  344      0.210215E-09      0.330952E-09     -0.885521E-10
  352     -0.102446E-09     -0.170949E-12      0.147769E-09
  360      0.546752E-10     -0.791965E-10     -0.216583E-09
  368     -0.975084E-08      0.917458E-10      0.157111E-07
  376      0.235226E-09      0.744749E-10      0.446003E-09
  384      0.938459E-09     -0.356232E-12     -0.155538E-08
  392      0.735472E-10      0.100887E-09     -0.395299E-09
  400      0.874559E-10      0.283075E-10      0.946490E-09
  408     -0.258970E-09      0.869805E-10      0.162014E-09
  416     -0.698820E-10      0.156324E-10     -0.116986E-11
  424      0.177874E-10     -0.151111E-09     -0.210128E-09
  432      0.728133E-09      0.115847E-09     -0.308471E-08
  440      0.117473E-08      0.535333E-11     -0.884133E-09
  448      0.514268E-10     -0.122291E-10      0.844193E-11
  456     -0.369604E-09     -0.194528E-09     -0.119722E-09
  464      0.188410E-09     -0.546413E-10      0.936486E-09
  472      0.948683E-11      0.216727E-10     -0.842036E-10
  480      0.313875E-09      0.667868E-11     -0.265824E-09
  488      0.553573E-10     -0.745886E-10      0.740002E-10
  496     -0.644028E-08      0.485448E-10      0.137173E-07
  504      0.111494E-08      0.904815E-11     -0.161878E-08
  512      0.000000E+00      0.000000E+00      0.000000E+00
  520      0.125826E-10     -0.107748E-09     -0.485258E-10
  528      0.257077E-09      0.329639E-11      0.106177E-08
  536     -0.626975E-09     -0.174727E-09     -0.369359E-09
  544      0.806181E-10      0.383697E-10     -0.713715E-10
  552      0.971941E-10     -0.143597E-09     -0.148826E-09
  560     -0.407741E-08     -0.526365E-10     -0.208472E-08
  568      0.667805E-09     -0.564213E-10     -0.289298E-08
  576      0.460029E-10     -0.240867E-10     -0.653767E-11
  584      0.469729E-10     -0.124099E-09     -0.660620E-10
  592     -0.149539E-09     -0.496817E-10      0.911702E-09
  600     -0.434617E-09     -0.930995E-10     -0.212925E-09
  608     -0.774480E-11      0.283799E-12      0.917214E-10
  616     -0.259328E-09     -0.695864E-10     -0.100623E-09
  624     -0.108795E-07     -0.305812E-10      0.106441E-07
  632     -0.735660E-09     -0.528543E-10     -0.131455E-08
  640     -0.938459E-09      0.203651E-10     -0.216991E-08
  648      0.153583E-09      0.216473E-10      0.172226E-09
  656     -0.159976E-09     -0.228516E-10      0.862589E-09
  664     -0.418814E-09      0.370487E-11      0.124499E-08
  672     -0.830910E-10     -0.162000E-10     -0.750095E-10
  680      0.517193E-10     -0.258193E-09     -0.286160E-09
  688      0.111126E-08      0.253181E-09      0.137627E-09
  696      0.110925E-08     -0.355739E-10     -0.455784E-10
  704      0.271475E-10     -0.263263E-10      0.815771E-11
  712      0.201374E-09     -0.933237E-11     -0.225451E-09
  720     -0.233766E-09      0.386672E-10      0.663126E-09
  728      0.185829E-09     -0.933570E-10     -0.267836E-09
  736      0.830910E-10      0.710501E-11     -0.303340E-09
  744     -0.937998E-10     -0.135411E-09      0.106742E-09
  752     -0.302149E-08      0.790129E-10      0.100038E-07
  760      0.256827E-09      0.158125E-10      0.831402E-09
  768      0.180139E-12      0.249976E-12      0.797904E-14
  776      0.152943E-09      0.147611E-09     -0.360789E-09
  784     -0.412766E-09      0.128807E-09      0.393518E-09
  792      0.137643E-10     -0.440299E-09      0.344367E-09
  800     -0.248833E-10     -0.634937E-10      0.123020E-10
  808      0.223159E-09     -0.108103E-10     -0.315264E-09
  816      0.382570E-08      0.711116E-10      0.887136E-09
  824      0.790338E-09      0.593597E-11     -0.186890E-08
  832      0.206870E-09     -0.147842E-09      0.792106E-10
  840     -0.268423E-09     -0.243641E-09     -0.278884E-09
  848     -0.878427E-09     -0.169508E-09      0.204343E-09
  856      0.443046E-09      0.399141E-10      0.860709E-10
  864      0.576251E-10      0.164804E-11     -0.268539E-10
  872      0.132437E-09     -0.129780E-09     -0.130181E-09
  880     -0.455762E-08      0.254545E-09     -0.187349E-08
  888     -0.309561E-09      0.817509E-10     -0.281138E-09
  896      0.938459E-09     -0.403740E-10     -0.155538E-08
  904     -0.202939E-09     -0.828309E-10      0.303193E-09
  912     -0.450965E-09      0.919721E-10      0.733755E-10
  920      0.245799E-09      0.524197E-10      0.674969E-09
  928      0.201153E-10      0.101754E-10     -0.119745E-09
  936      0.202067E-09     -0.132445E-09     -0.245776E-09
  944      0.973989E-10      0.274099E-09      0.624207E-09
  952      0.563554E-09      0.653800E-10     -0.887771E-09
  960      0.495054E-12     -0.413329E-10      0.775980E-11
  968      0.203378E-09      0.242029E-09      0.760706E-11
  976     -0.713354E-09     -0.357692E-10      0.733755E-10
  984     -0.523790E-09     -0.116279E-09     -0.230969E-10
  992      0.143345E-09      0.571235E-11     -0.340857E-09
 1000     -0.101263E-10     -0.579903E-10      0.230685E-10
 1008     -0.431752E-08      0.230790E-10     -0.127664E-08
 1016      0.866643E-09      0.130272E-10      0.216108E-08
