 =============================================
 incident v= 8.55   i. angle=30.0   app. v=   17.10000000
    for isotropic medium : q3 for i. wave =  0.101290E+00


******** layer  1

tolp=.10E-17%   **new solutions**
 iterations :
 accuracy not met in 80 steps==> relax
 tolp=.10E-16%
 iterations :
 accuracy not met in 80 steps==> relax
 tolp=.10E-15%
 iterations :
 accuracy not met in 80 steps==> relax
 tolp=.10E-14%
 iterations :
 accuracy not met in 80 steps==> relax
 tolp=.10E-13%
 iterations :
 accuracy not met in 80 steps==> relax
 tolp=.10E-12%
 iterations :
               satistied at step  1
quadratic form that was factored out=
  0.100000E+01 xx + -0.000000E+00 x + -0.129405E-01
b= -0.000000000000000E+00 sqrt(bb-4ac)=  0.227512772714557E+00
roots=(  0.113756386357278E+00  0.000000000000000E+00)
      ( -0.113756386357278E+00  0.000000000000000E+00)

reduced equation=
   0.93383E+06   0.00000E+00  -0.83738E+05   0.00000E+00   0.18759E+04
 sqrt(bb-4ac)/b =   0.267906663023062E-01
x**2= (  0.460367998522780E-01  0.000000000000000E+00)
      (  0.436344473904855E-01  0.000000000000000E+00)
residual for each solution
  0.0000E+00  0.0000E+00  0.2842E-13  0.2842E-13  0.0000E+00  0.0000E+00
  "q3" : rearranged vertical slowness=
           0.11375639
          -0.11375639
           0.21456188
          -0.21456188
           0.20888860
          -0.20888860
incidence angle of P, S1, S2 :
 27.207 15.246 15.640

check if the polarization gives "0"
   0.391088E-14   0.100119E-16   0.000000E+00
   0.391088E-14   0.100119E-16   0.000000E+00
   0.539152E-13   0.245897E-15   0.693889E-17
   0.539152E-13   0.245897E-15   0.693889E-17
   0.582659E-13   0.158727E-15   0.693889E-17
   0.582659E-13   0.158727E-15   0.693889E-17
===(x,y,z) of polarization vectors===
          0.46415361         -0.00883024          0.88571071
          0.46415361         -0.00883024         -0.88571071
          0.69432968          0.69432978         -0.18924176
          0.69432968          0.69432978          0.18924176
         -0.66680221          0.72030905          0.19112738
         -0.66680221          0.72030905         -0.19112738
 e-matrix=
     0.46415     0.46415     0.69433     0.69433    -0.66680    -0.66680
     0.88571    -0.88571    -0.18924     0.18924     0.19113    -0.19113
   378.09237   378.09237   -92.82076   -92.82076    94.42723    94.42723
   121.78089  -121.78089   157.39734  -157.39734  -152.30580   152.30580
    -0.00883    -0.00883     0.69433     0.69433     0.72031     0.72031
    -3.37556     3.37556   170.51352  -170.51352   177.85639  -177.85639


******** layer  2

tolp=.10E-17%   **new solutions**
 iterations :
               satistied at step  8
quadratic form that was factored out=
  0.100000E+01 xx + -0.000000E+00 x + -0.102597E-01
b= -0.000000000000000E+00 sqrt(bb-4ac)=  0.202580359995168E+00
roots=(  0.101290179997584E+00  0.000000000000000E+00)
      ( -0.101290179997584E+00  0.000000000000000E+00)

reduced equation=
   0.15292E+07   0.00000E+00  -0.12800E+06   0.00000E+00   0.26786E+04
 sqrt(bb-4ac)/b =   0.976555196801127E-05
x**2= (  0.418524261778034E-01  0.000000000000000E+00)
      (  0.418516087617002E-01  0.000000000000000E+00)
residual for each solution
  0.4219E-14  0.4219E-14  0.1421E-13  0.1421E-13  0.0000E+00  0.0000E+00
  "q3" : rearranged vertical slowness=
           0.10129018
          -0.10129018
           0.20457666
          -0.20457666
           0.20457866
          -0.20457866
incidence angle of P, S1, S2 :
 30.000 15.953 15.953

check if the polarization gives "0"
   0.111022E-15   0.166533E-14   0.000000E+00
   0.111022E-15   0.166533E-14   0.000000E+00
   0.000000E+00   0.225223E-09   0.000000E+00
   0.000000E+00   0.225223E-09   0.000000E+00
   0.000000E+00   0.000000E+00   0.618989E-10
   0.000000E+00   0.000000E+00   0.618989E-10
===(x,y,z) of polarization vectors===
          0.49998706          0.00000000          0.86603287
         -0.49998706          0.00000000          0.86603287
          0.96149132          0.00000000         -0.27483532
         -0.96149132          0.00000000         -0.27483532
          0.00000000          1.00000000          0.00000000
          0.00000000          1.00000000          0.00000000
 e-matrix=
     0.49999    -0.49999     0.96149    -0.96149     0.00000     0.00000
     0.86603     0.86603    -0.27484    -0.27484     0.00000     0.00000
   434.40950  -434.40950  -148.66371   148.66371     0.00000     0.00000
   133.90412   133.90412   238.78832   238.78832     0.00000     0.00000
     0.00000     0.00000     0.00000     0.00000     1.00000     1.00000
     0.00000     0.00000     0.00000     0.00000   270.45318  -270.45318
